********************************************************************************
DUPLICATOR-LITE PACKAGE-LOG: 2017-03-23 13:52:14
NOTICE: Do NOT post to public sites or forums 
********************************************************************************
VERSION:	1.1.34
WORDPRESS:	4.7.3
PHP INFO:	5.6.25 | SAPI: apache2handler
SERVER:		Apache/2.2.31 (Unix) mod_wsgi/3.5 Python/2.7.12 PHP/5.6.25 mod_ssl/2.2.31 OpenSSL/1.0.2h DAV/2 mod_fastcgi/2.4.6 mod_perl/2.0.9 Perl/v5.24.0 
PHP TIME LIMIT: (0) no time limit imposed 
PHP MAX MEMORY: 2048M (128M default) 
MEMORY STACK: 29.25MB 

********************************************************************************
DATABASE:
********************************************************************************
BUILD MODE:   PHP(query limit - 100)
MYSQLTIMEOUT: 5000
MYSQLDUMP:    Not Supported 
TABLES: total:20 | filtered:0 | create:20 
FILTERED: [] 
SQL CREATED: 20170323_whitecedar_58d3d30b598ce9098170323135211_database.sql 
SQL FILE SIZE: 1.28MB (1340788) 
SQL FILE TIME: 2017-03-23 13:52:15 
SQL RUNTIME: 0.19 sec. 

******************************************************************************** 
ARCHIVE (ZIP): 
******************************************************************************** 
ARCHIVE DIR:  /Users/cokafo/Desktop/White Cedar/Development/whitecedardocs 
ARCHIVE FILE: 20170323_whitecedar_58d3d30b598ce9098170323135211_archive.zip 
FILTERS: *OFF* 
DIRS: not set 
EXTS:  not set 
---------------------------------------- 
COMPRESSING 
SIZE:	47.54MB 
STATS:	Dirs 273 | Files 2,372 
SQL ADDED: 20170323_whitecedar_58d3d30b598ce9098170323135211_database.sql 
ZipArchive Object
(
    [status] => 0
    [statusSys] => 0
    [numFiles] => 2645
    [filename] => /Users/cokafo/Desktop/White Cedar/Development/whitecedardocs/wp-snapshots/tmp/20170323_whitecedar_58d3d30b598ce9098170323135211_archive.zip
    [comment] => 
)
 
COMPRESSION RESULT: '1' 
COMPRESSED SIZE: 20.47MB 
ARCHIVE RUNTIME: 6.00 sec. 
MEMORY STACK: 30.75MB 

******************************************************************************** 
MAKE INSTALLER: 
******************************************************************************** 
Build Start 
Build Finished 
Preping for use 
Template parsed with new data 
Complete [/Users/cokafo/Desktop/White Cedar/Development/whitecedardocs/wp-snapshots/tmp/20170323_whitecedar_58d3d30b598ce9098170323135211_installer.php] 
Added to archive 

******************************************************************************** 
INTEGRITY CHECKS: 
******************************************************************************** 
SQL File: 1.28MB 
Installer File: 394.77KB 
Archive File: 20.47MB  

********************************************************************************
RECORD ID:[1]
TOTAL PROCESS RUNTIME: 6.49 sec.
PEAK PHP MEMORY USED: 32.75MB
DONE PROCESSING => 20170323_whitecedar 2017-03-23 13:52:21
 
